#
# There is insufficient memory for the Java Runtime Environment to continue.
# Native memory allocation (malloc) failed to allocate 1048576 bytes for AllocateHeap
# Possible reasons:
#   The system is out of physical RAM or swap space
#   The process is running with CompressedOops enabled, and the Java Heap may be blocking the growth of the native heap
# Possible solutions:
#   Reduce memory load on the system
#   Increase physical memory or swap space
#   Check if swap backing store is full
#   Decrease Java heap size (-Xmx/-Xms)
#   Decrease number of Java threads
#   Decrease Java thread stack sizes (-Xss)
#   Set larger code cache with -XX:ReservedCodeCacheSize=
#   JVM is running with Unscaled Compressed Oops mode in which the Java heap is
#     placed in the first 4GB address space. The Java Heap base address is the
#     maximum limit for the native heap growth. Please use -XX:HeapBaseMinAddress
#     to set the Java Heap base and to place the Java Heap above 4GB virtual address.
# This output file may be truncated or incomplete.
#
#  Out of Memory Error (./src/hotspot/share/memory/allocation.cpp:46), pid=6096, tid=1956
#
# JRE version:  (11.0.11+9) (build )
# Java VM: OpenJDK 64-Bit Server VM (11.0.11+9-b1341.60, mixed mode, sharing, tiered, compressed oops, g1 gc, windows-amd64)
# No core dump will be written. Minidumps are not enabled by default on client versions of Windows
#

---------------  S U M M A R Y ------------

Command Line: org.jetbrains.git4idea.http.GitAskPassApp Username for 'https://github.com': 

Host: AMD Ryzen 5 3500U with Radeon Vega Mobile Gfx  , 8 cores, 3G,  Windows 10 , 64 bit Build 19041 (10.0.19041.804)
Time: Sat Jul 24 23:35:34 2021 RTZ 2 (зима) elapsed time: 0.045185 seconds (0d 0h 0m 0s)

---------------  T H R E A D  ---------------

Current thread (0x0000029c20bdf800):  JavaThread "Unknown thread" [_thread_in_vm, id=1956, stack(0x000000b716700000,0x000000b716800000)]

Stack: [0x000000b716700000,0x000000b716800000]
Native frames: (J=compiled Java code, j=interpreted, Vv=VM code, C=native code)
V  [jvm.dll+0x5f5c8a]
V  [jvm.dll+0x779405]
V  [jvm.dll+0x77aa1d]
V  [jvm.dll+0x77b0d3]
V  [jvm.dll+0x244bc8]
V  [jvm.dll+0xb4cc4]
V  [jvm.dll+0x2d75c8]
V  [jvm.dll+0x757be7]
V  [jvm.dll+0x7593ec]
V  [jvm.dll+0x35b8d9]
V  [jvm.dll+0x73b38e]
V  [jvm.dll+0x3c3cc3]
V  [jvm.dll+0x3c60e1]
C  [jli.dll+0x5373]
C  [ucrtbase.dll+0x21bb2]
C  [KERNEL32.DLL+0x17034]
C  [ntdll.dll+0x52651]


---------------  P R O C E S S  ---------------

Threads class SMR info:
_java_thread_list=0x0000029c1e9e2eb0, length=0, elements={
}

Java Threads: ( => current thread )

Other Threads:

=>0x0000029c20bdf800 (exited) JavaThread "Unknown thread" [_thread_in_vm, id=1956, stack(0x000000b716700000,0x000000b716800000)]

Threads with active compile tasks:

VM state:not at safepoint (not fully initialized)

VM Mutex/Monitor currently owned by a thread: None


[error occurred during error reporting (printing compressed oops mode), id 0xc0000005, EXCEPTION_ACCESS_VIOLATION (0xc0000005) at pc=0x00007ff93c6c8a37]

GC Heap History (0 events):
No events

Deoptimization events (0 events):
No events

Classes redefined (0 events):
No events

Internal exceptions (0 events):
No events

Events (1 events):
Event: 0.026 Loaded shared library C:\Program Files\JetBrains\IntelliJ IDEA Community Edition 2021.1.3\jbr\bin\zip.dll


Dynamic libraries:
0x00007ff69e0f0000 - 0x00007ff69e0fa000 	C:\Program Files\JetBrains\IntelliJ IDEA Community Edition 2021.1.3\jbr\bin\java.exe
0x00007ff974550000 - 0x00007ff974745000 	C:\WINDOWS\SYSTEM32\ntdll.dll
0x00007ff973d20000 - 0x00007ff973ddd000 	C:\WINDOWS\System32\KERNEL32.DLL
0x00007ff972150000 - 0x00007ff972419000 	C:\WINDOWS\System32\KERNELBASE.dll
0x00007ff971f00000 - 0x00007ff972000000 	C:\WINDOWS\System32\ucrtbase.dll
0x00007ff95a9b0000 - 0x00007ff95a9c9000 	C:\Program Files\JetBrains\IntelliJ IDEA Community Edition 2021.1.3\jbr\bin\jli.dll
0x00007ff95ab20000 - 0x00007ff95ab37000 	C:\Program Files\JetBrains\IntelliJ IDEA Community Edition 2021.1.3\jbr\bin\VCRUNTIME140.dll
0x00007ff973640000 - 0x00007ff9737e0000 	C:\WINDOWS\System32\USER32.dll
0x00007ff971d10000 - 0x00007ff971d32000 	C:\WINDOWS\System32\win32u.dll
0x00007ff972800000 - 0x00007ff97282a000 	C:\WINDOWS\System32\GDI32.dll
0x00007ff972420000 - 0x00007ff97252b000 	C:\WINDOWS\System32\gdi32full.dll
0x00007ff972000000 - 0x00007ff97209d000 	C:\WINDOWS\System32\msvcp_win.dll
0x00007ff95fdf0000 - 0x00007ff96008a000 	C:\WINDOWS\WinSxS\amd64_microsoft.windows.common-controls_6595b64144ccf1df_6.0.19041.844_none_ca00b6081b84eb1d\COMCTL32.dll
0x00007ff9725b0000 - 0x00007ff97264e000 	C:\WINDOWS\System32\msvcrt.dll
0x00007ff973f50000 - 0x00007ff973f80000 	C:\WINDOWS\System32\IMM32.DLL
0x00007ff946f50000 - 0x00007ff946fed000 	C:\Program Files\JetBrains\IntelliJ IDEA Community Edition 2021.1.3\jbr\bin\msvcp140.dll
0x00007ff93bf70000 - 0x00007ff93cab9000 	C:\Program Files\JetBrains\IntelliJ IDEA Community Edition 2021.1.3\jbr\bin\server\jvm.dll
0x00007ff9739f0000 - 0x00007ff973a9c000 	C:\WINDOWS\System32\ADVAPI32.dll
0x00007ff973b50000 - 0x00007ff973bec000 	C:\WINDOWS\System32\sechost.dll
0x00007ff973bf0000 - 0x00007ff973d1b000 	C:\WINDOWS\System32\RPCRT4.dll
0x00007ff973f80000 - 0x00007ff973f88000 	C:\WINDOWS\System32\PSAPI.DLL
0x00007ff967b40000 - 0x00007ff967b67000 	C:\WINDOWS\SYSTEM32\WINMM.dll
0x00007ff967b70000 - 0x00007ff967b7a000 	C:\WINDOWS\SYSTEM32\VERSION.dll
0x00007ff96f2c0000 - 0x00007ff96f2c9000 	C:\WINDOWS\SYSTEM32\WSOCK32.dll
0x00007ff9744a0000 - 0x00007ff97450b000 	C:\WINDOWS\System32\WS2_32.dll
0x00007ff96fbf0000 - 0x00007ff96fc02000 	C:\WINDOWS\SYSTEM32\kernel.appcore.dll
0x00007ff962740000 - 0x00007ff962751000 	C:\Program Files\JetBrains\IntelliJ IDEA Community Edition 2021.1.3\jbr\bin\verify.dll
0x00007ff95ded0000 - 0x00007ff95e0b4000 	C:\WINDOWS\SYSTEM32\DBGHELP.DLL
0x00007ff95dea0000 - 0x00007ff95decc000 	C:\WINDOWS\SYSTEM32\dbgcore.DLL
0x00007ff972530000 - 0x00007ff9725b0000 	C:\WINDOWS\System32\bcryptPrimitives.dll
0x00007ff95d970000 - 0x00007ff95d999000 	C:\Program Files\JetBrains\IntelliJ IDEA Community Edition 2021.1.3\jbr\bin\java.dll
0x00007ff96a740000 - 0x00007ff96a74b000 	C:\Program Files\JetBrains\IntelliJ IDEA Community Edition 2021.1.3\jbr\bin\jimage.dll
0x00007ff962720000 - 0x00007ff962738000 	C:\Program Files\JetBrains\IntelliJ IDEA Community Edition 2021.1.3\jbr\bin\zip.dll

dbghelp: loaded successfully - version: 4.0.5 - missing functions: none
symbol engine: initialized successfully - sym options: 0x614 - pdb path: .;C:\Program Files\JetBrains\IntelliJ IDEA Community Edition 2021.1.3\jbr\bin;C:\WINDOWS\SYSTEM32;C:\WINDOWS\WinSxS\amd64_microsoft.windows.common-controls_6595b64144ccf1df_6.0.19041.844_none_ca00b6081b84eb1d;C:\Program Files\JetBrains\IntelliJ IDEA Community Edition 2021.1.3\jbr\bin\server

VM Arguments:
java_command: org.jetbrains.git4idea.http.GitAskPassApp Username for 'https://github.com': 
java_class_path (initial): C:/Program Files/JetBrains/IntelliJ IDEA Community Edition 2021.1.3/plugins/git4idea/lib/git4idea-rt.jar;C:/Program Files/JetBrains/IntelliJ IDEA Community Edition 2021.1.3/lib/xmlrpc-2.0.1.jar;C:/Program Files/JetBrains/IntelliJ IDEA Community Edition 2021.1.3/lib/commons-codec-1.15.jar
Launcher Type: SUN_STANDARD

[Global flags]
     intx CICompilerCount                          = 4                                         {product} {ergonomic}
     uint G1ConcRefinementThreads                  = 8                                         {product} {ergonomic}
   size_t G1HeapRegionSize                         = 1048576                                   {product} {ergonomic}
    uintx GCDrainStackTargetSize                   = 64                                        {product} {ergonomic}
   size_t InitialHeapSize                          = 58720256                                  {product} {ergonomic}
   size_t MaxHeapSize                              = 924844032                                 {product} {ergonomic}
   size_t MinHeapDeltaBytes                        = 1048576                                   {product} {ergonomic}
    uintx NonNMethodCodeHeapSize                   = 5836300                                {pd product} {ergonomic}
    uintx NonProfiledCodeHeapSize                  = 122910970                              {pd product} {ergonomic}
    uintx ProfiledCodeHeapSize                     = 122910970                              {pd product} {ergonomic}
    uintx ReservedCodeCacheSize                    = 251658240                              {pd product} {ergonomic}
     bool SegmentedCodeCache                       = true                                      {product} {ergonomic}
     bool UseCompressedClassPointers               = true                                 {lp64_product} {ergonomic}
     bool UseCompressedOops                        = true                                 {lp64_product} {ergonomic}
     bool UseG1GC                                  = true                                      {product} {ergonomic}
     bool UseLargePagesIndividualAllocation        = false                                  {pd product} {ergonomic}

Logging:
Log output configuration:
 #0: stdout all=warning uptime,level,tags
 #1: stderr all=off uptime,level,tags

Environment Variables:
PATH=C:\Program Files\Git\mingw64\libexec\git-core;C:\Program Files\Git\mingw64\libexec\git-core;C:\Program Files\Git\mingw64\bin;C:\Program Files\Git\usr\bin;C:\Users\Ryzen_5\bin;C:\Program Files (x86)\NVIDIA Corporation\PhysX\Common;C:\Program Files (x86)\Common Files\Oracle\Java\javapath;C:\ProgramData\Oracle\Java\javapath;C:\WINDOWS\system32;C:\WINDOWS;C:\WINDOWS\System32\Wbem;C:\WINDOWS\System32\WindowsPowerShell\v1.0;C:\WINDOWS\System32\OpenSSH;C:\Program Files\nodejs;C:\xampp1\php;C:\composer;C:\Program Files\Git\cmd;C:\Users\Ryzen_5\AppData\Local\Programs\Python\Python38-32\Scripts;C:\Users\Ryzen_5\AppData\Local\Programs\Python\Python38-32;C:\Users\Ryzen_5\AppData\Local\Microsoft\WindowsApps;C:\Program Files\JetBrains\IntelliJ IDEA Community Edition 2020.1.2\bin;C:\Program Files\JetBrains\CLion 2020.1.2\bin;C:\Users\Ryzen_5\AppData\Local\atom\bin;C:\Program Files\JetBrains\CLion 2020.2.3\bin;C:\Users\Ryzen_5\AppData\Local\Programs\Microsoft VS Code\bin;C:\Users\Ryzen_5\AppData\Roaming\npm;C:\Users\Ryzen_5\AppData\Local\Microsoft\WindowsApps;C:\Users\Ryzen_5\AppData\Roaming\Composer\vendor\bin
USERNAME=Ryzen_5
DISPLAY=:0.0
LC_ALL=en_US.UTF-8
OS=Windows_NT
PROCESSOR_IDENTIFIER=AMD64 Family 23 Model 24 Stepping 1, AuthenticAMD



---------------  S Y S T E M  ---------------

OS: Windows 10 , 64 bit Build 19041 (10.0.19041.804)
OS uptime: 12 days 11:43 hours

CPU:total 8 (initial active 8) (8 cores per cpu, 2 threads per core) family 23 model 24 stepping 1 microcode 0x0, cmov, cx8, fxsr, mmx, sse, sse2, sse3, ssse3, sse4.1, sse4.2, popcnt, avx, avx2, aes, clmul, mmxext, 3dnowpref, lzcnt, sse4a, ht, tsc, tscinvbit, tscinv, bmi1, bmi2, adx, s

Memory: 4k page, system-wide physical 3522M (392M free)
TotalPageFile size 14274M (AvailPageFile size 5M)
current process WorkingSet (physical memory assigned to process): 9M, peak: 9M
current process commit charge ("private bytes"): 14M, peak: 15M

vm_info: OpenJDK 64-Bit Server VM (11.0.11+9-b1341.60) for windows-amd64 JRE (11.0.11+9-b1341.60), built on Jun  4 2021 08:17:54 by "" with MS VC++ 14.0 (VS2015)

END.
